<?xml version="1.0" encoding="UTF-8"?>
<!-- Generated by org.testng.reporters.JUnitXMLReporter -->
<testsuite ignored="0" hostname="DESKTOP-F30GDK4" failures="1" tests="11" name="Test" time="0.359" errors="0" timestamp="2023-07-21T13:40:24 EDT">
  <testcase classname="test.Testing1" name="f" time="0.012"/>
  <testcase classname="test.Testing1" name="f" time="0.004"/>
  <testcase classname="test.Testing1" name="test1" time="0.006"/>
  <testcase classname="test.Testing1" name="test2" time="0.004"/>
  <testcase classname="test.Testing2" name="test3" time="0.023"/>
  <testcase classname="test.Testing2" name="test4" time="0.008"/>
  <testcase classname="test.Testing2" name="test5" time="0.008"/>
  <testcase classname="test.Testing3" name="createUser" time="0.008"/>
  <testcase classname="test.Testing3" name="editUser" time="0.019">
    <failure type="java.lang.AssertionError" message="The following asserts failed:
	Verifying Element expected [true] but found [false]">
      <![CDATA[java.lang.AssertionError: The following asserts failed:
Verifying Element expected [true] but found [false]
at test.Testing3.editUser(Testing3.java:24)
at java.base/java.util.ArrayList.forEach(ArrayList.java:1511)
... Removed 29 stack frames]]>
    </failure>
  </testcase> <!-- editUser -->
  <testcase classname="test.Testing3" name="deleteUser" time="0.0">
    <skipped/>
  </testcase> <!-- deleteUser -->
  <testcase classname="test.testing4" name="test6" time="0.002"/>
</testsuite> <!-- Test -->
